<?xml version="1.0" encoding="UTF-8" standalone="no"?>
<testsuite failures="0" name="cucumber.runtime.formatter.JUnitFormatter" skipped="0" tests="1" time="11.700415">
    <testcase classname="Add &amp; Update Cart" name="Verify the customer is able to add products to cart and remove one or more added products from cart" time="11.700415">
        <system-out><![CDATA[Given I add four random items to my cart....................................passed
When I view my cart.........................................................passed
Then I find total four items listed in my cart..............................passed
And I am able to remove the lowest price item from my cart..................passed
Then I am able to verify three items in my cart.............................passed
]]></system-out>
    </testcase>
</testsuite>
